Determining if the pthread_create exist failed with the following output:
Change Dir: /home/viki/catkin_Workspace/build/testqtros/CMakeFiles/CMakeTmp

Run Build Command:/usr/bin/make "cmTryCompileExec1738990339/fast"
/usr/bin/make -f CMakeFiles/cmTryCompileExec1738990339.dir/build.make CMakeFiles/cmTryCompileExec1738990339.dir/build
make[1]: Entering directory `/home/viki/catkin_Workspace/build/testqtros/CMakeFiles/CMakeTmp'
/usr/bin/cmake -E cmake_progress_report /home/viki/catkin_Workspace/build/testqtros/CMakeFiles/CMakeTmp/CMakeFiles 1
Building C object CMakeFiles/cmTryCompileExec1738990339.dir/CheckSymbolExists.c.o
/usr/bin/cc    -o CMakeFiles/cmTryCompileExec1738990339.dir/CheckSymbolExists.c.o   -c /home/viki/catkin_Workspace/build/testqtros/CMakeFiles/CMakeTmp/CheckSymbolExists.c
Linking C executable cmTryCompileExec1738990339
/usr/bin/cmake -E cmake_link_script CMakeFiles/cmTryCompileExec1738990339.dir/link.txt --verbose=1
/usr/bin/cc       CMakeFiles/cmTryCompileExec1738990339.dir/CheckSymbolExists.c.o  -o cmTryCompileExec1738990339 -rdynamic 
CMakeFiles/cmTryCompileExec1738990339.dir/CheckSymbolExists.c.o: In function `main':
CheckSymbolExists.c:(.text+0x16): undefined reference to `pthread_create'
collect2: error: ld returned 1 exit status
make[1]: Leaving directory `/home/viki/catkin_Workspace/build/testqtros/CMakeFiles/CMakeTmp'
make[1]: *** [cmTryCompileExec1738990339] Error 1
make: *** [cmTryCompileExec1738990339/fast] Error 2

File /home/viki/catkin_Workspace/build/testqtros/CMakeFiles/CMakeTmp/CheckSymbolExists.c:
/* */
#include <pthread.h>

int main(int argc, char** argv)
{
  (void)argv;
#ifndef pthread_create
  return ((int*)(&pthread_create))[argc];
#else
  (void)argc;
  return 0;
#endif
}

Determining if the function pthread_create exists in the pthreads failed with the following output:
Change Dir: /home/viki/catkin_Workspace/build/testqtros/CMakeFiles/CMakeTmp

Run Build Command:/usr/bin/make "cmTryCompileExec2885399018/fast"
/usr/bin/make -f CMakeFiles/cmTryCompileExec2885399018.dir/build.make CMakeFiles/cmTryCompileExec2885399018.dir/build
make[1]: Entering directory `/home/viki/catkin_Workspace/build/testqtros/CMakeFiles/CMakeTmp'
/usr/bin/cmake -E cmake_progress_report /home/viki/catkin_Workspace/build/testqtros/CMakeFiles/CMakeTmp/CMakeFiles 1
Building C object CMakeFiles/cmTryCompileExec2885399018.dir/CheckFunctionExists.c.o
/usr/bin/cc   -DCHECK_FUNCTION_EXISTS=pthread_create   -o CMakeFiles/cmTryCompileExec2885399018.dir/CheckFunctionExists.c.o   -c /usr/share/cmake-2.8/Modules/CheckFunctionExists.c
Linking C executable cmTryCompileExec2885399018
/usr/bin/cmake -E cmake_link_script CMakeFiles/cmTryCompileExec2885399018.dir/link.txt --verbose=1
/usr/bin/cc   -DCHECK_FUNCTION_EXISTS=pthread_create    CMakeFiles/cmTryCompileExec2885399018.dir/CheckFunctionExists.c.o  -o cmTryCompileExec2885399018 -rdynamic -lpthreads 
/usr/bin/ld: cannot find -lpthreads
collect2: error: ld returned 1 exit status
make[1]: Leaving directory `/home/viki/catkin_Workspace/build/testqtros/CMakeFiles/CMakeTmp'
make[1]: *** [cmTryCompileExec2885399018] Error 1
make: *** [cmTryCompileExec2885399018/fast] Error 2


